<?xml version="1.0" encoding="UTF-8"?>
<testsuite name="com.bankretaildigital.creditcardservice.CreditcardserviceApplicationTests" time="0.618" tests="2" errors="0" skipped="0" failures="0">
  <properties>
    <property name="java.runtime.name" value="OpenJDK Runtime Environment"/>
    <property name="sun.boot.library.path" value="C:\Apps\java-1.8.0-openjdk-1.8.0.242-3\jre\bin"/>
    <property name="java.vm.version" value="25.242-b08"/>
    <property name="java.vm.vendor" value=""/>
    <property name="maven.multiModuleProjectDirectory" value="C:\Proyectos Desarrollo\Spring\SpringCloudContractGithub\consumerdrivencontract\creditcardservice"/>
    <property name="java.vendor.url" value="http://java.oracle.com/"/>
    <property name="path.separator" value=";"/>
    <property name="guice.disable.misplaced.annotation.check" value="true"/>
    <property name="java.vm.name" value="OpenJDK 64-Bit Server VM"/>
    <property name="file.encoding.pkg" value="sun.io"/>
    <property name="user.script" value=""/>
    <property name="user.country" value="CO"/>
    <property name="sun.java.launcher" value="SUN_STANDARD"/>
    <property name="sun.os.patch.level" value=""/>
    <property name="java.vm.specification.name" value="Java Virtual Machine Specification"/>
    <property name="user.dir" value="C:\Proyectos Desarrollo\Spring\SpringCloudContractGithub\consumerdrivencontract\creditcardservice"/>
    <property name="java.runtime.version" value="1.8.0_242-b08"/>
    <property name="java.awt.graphicsenv" value="sun.awt.Win32GraphicsEnvironment"/>
    <property name="java.endorsed.dirs" value="C:\Apps\java-1.8.0-openjdk-1.8.0.242-3\jre\lib\endorsed"/>
    <property name="os.arch" value="amd64"/>
    <property name="java.io.tmpdir" value="C:\Users\mpuer\AppData\Local\Temp\"/>
    <property name="line.separator" value="&#10;"/>
    <property name="java.vm.specification.vendor" value="Oracle Corporation"/>
    <property name="user.variant" value=""/>
    <property name="os.name" value="Windows 10"/>
    <property name="classworlds.conf" value="C:\Apps\apache-maven-3.6.3\bin\..\bin\m2.conf"/>
    <property name="sun.jnu.encoding" value="Cp1252"/>
    <property name="java.library.path" value="C:\Apps\java-1.8.0-openjdk-1.8.0.242-3\bin;C:\Windows\Sun\Java\bin;C:\Windows\system32;C:\Windows;C:\Windows\system32;C:\Windows;C:\Windows\System32\Wbem;C:\Windows\System32\WindowsPowerShell\v1.0\;C:\Windows\System32\OpenSSH\;C:\Program Files\Kubernetes\Minikube;C:\Program Files\Git\cmd;C:\Apps\java-1.8.0-openjdk-1.8.0.242-3\bin;C:\Apps\apache-maven-3.6.3\bin;C:\Apps\gradle-6.3\bin;C:\Program Files\nodejs\;C:\Program Files\Amazon\AWSCLIV2\;C:\ProgramData\chocolatey\bin;C:\Users\mpuer\AppData\Local\Programs\Python\Python38-32\Scripts\;C:\Users\mpuer\AppData\Local\Programs\Python\Python38-32\;C:\Users\mpuer\AppData\Local\Microsoft\WindowsApps;;C:\Program Files\JetBrains\IntelliJ IDEA 2020.1\bin;;C:\Users\mpuer\AppData\Local\Programs\Microsoft VS Code\bin;C:\Users\mpuer\AppData\Roaming\npm;."/>
    <property name="maven.conf" value="C:\Apps\apache-maven-3.6.3\bin\../conf"/>
    <property name="java.specification.name" value="Java Platform API Specification"/>
    <property name="java.class.version" value="52.0"/>
    <property name="sun.management.compiler" value="HotSpot 64-Bit Tiered Compilers"/>
    <property name="os.version" value="10.0"/>
    <property name="library.jansi.path" value="C:\Apps\apache-maven-3.6.3\bin\..\lib\jansi-native"/>
    <property name="user.home" value="C:\Users\mpuer"/>
    <property name="user.timezone" value="America/Bogota"/>
    <property name="java.awt.printerjob" value="sun.awt.windows.WPrinterJob"/>
    <property name="java.specification.version" value="1.8"/>
    <property name="file.encoding" value="Cp1252"/>
    <property name="user.name" value="mpuer"/>
    <property name="java.class.path" value="C:\Apps\apache-maven-3.6.3\bin\..\boot\plexus-classworlds-2.6.0.jar"/>
    <property name="java.vm.specification.version" value="1.8"/>
    <property name="sun.arch.data.model" value="64"/>
    <property name="java.home" value="C:\Apps\java-1.8.0-openjdk-1.8.0.242-3\jre"/>
    <property name="sun.java.command" value="org.codehaus.plexus.classworlds.launcher.Launcher clean install"/>
    <property name="java.specification.vendor" value="Oracle Corporation"/>
    <property name="user.language" value="es"/>
    <property name="awt.toolkit" value="sun.awt.windows.WToolkit"/>
    <property name="java.vm.info" value="mixed mode"/>
    <property name="java.version" value="1.8.0_242"/>
    <property name="java.ext.dirs" value="C:\Apps\java-1.8.0-openjdk-1.8.0.242-3\jre\lib\ext;C:\Windows\Sun\Java\lib\ext"/>
    <property name="sun.boot.class.path" value="C:\Apps\java-1.8.0-openjdk-1.8.0.242-3\jre\lib\resources.jar;C:\Apps\java-1.8.0-openjdk-1.8.0.242-3\jre\lib\rt.jar;C:\Apps\java-1.8.0-openjdk-1.8.0.242-3\jre\lib\sunrsasign.jar;C:\Apps\java-1.8.0-openjdk-1.8.0.242-3\jre\lib\jsse.jar;C:\Apps\java-1.8.0-openjdk-1.8.0.242-3\jre\lib\jce.jar;C:\Apps\java-1.8.0-openjdk-1.8.0.242-3\jre\lib\charsets.jar;C:\Apps\java-1.8.0-openjdk-1.8.0.242-3\jre\lib\jfr.jar;C:\Apps\java-1.8.0-openjdk-1.8.0.242-3\jre\classes"/>
    <property name="sun.stderr.encoding" value="cp850"/>
    <property name="java.vendor" value="Oracle Corporation"/>
    <property name="maven.home" value="C:\Apps\apache-maven-3.6.3\bin\.."/>
    <property name="file.separator" value="\"/>
    <property name="java.vendor.url.bug" value="http://bugreport.sun.com/bugreport/"/>
    <property name="sun.cpu.endian" value="little"/>
    <property name="sun.io.unicode.encoding" value="UnicodeLittle"/>
    <property name="sun.stdout.encoding" value="cp850"/>
    <property name="sun.desktop" value="windows"/>
    <property name="sun.cpu.isalist" value="amd64"/>
  </properties>
  <testcase name="shouldGrantApplicationWhenCreditScoreIsHigh" classname="com.bankretaildigital.creditcardservice.CreditcardserviceApplicationTests" time="0.571"/>
  <testcase name="shouldDenyApplicationWhenCreditScoreIsLow" classname="com.bankretaildigital.creditcardservice.CreditcardserviceApplicationTests" time="0.047"/>
</testsuite>